13:50:42.332 [main] INFO com.vaticle.typedb.core.server.TypeDBServer - TypeDB Server is now running and will keep this process alive.
13:50:42.336 [main] INFO com.vaticle.typedb.core.server.TypeDBServer - You can press CTRL+C to shutdown this server.
13:50:42.336 [main] INFO com.vaticle.typedb.core.server.TypeDBServer - 
13:50:42.337 [main] INFO com.vaticle.typedb.core.server.TypeDBServer - version: 2.11.1
13:50:42.337 [main] INFO com.vaticle.typedb.core.server.TypeDBServer - listening to address: 0.0.0.0:1730
13:50:42.337 [main] INFO com.vaticle.typedb.core.server.TypeDBServer - data directory configured to: C:\Users\Robin\PycharmProjects\Object-Based_Pangenome_Visualisation\server\data
13:50:42.337 [main] INFO com.vaticle.typedb.core.server.TypeDBServer - bootup completed in: 603 ms
13:50:42.337 [main] INFO com.vaticle.typedb.core.server.TypeDBServer - ...
13:50:50.306 [TypeDBServer::shutdown::0] INFO com.vaticle.typedb.core.server.TypeDBServer - 
13:50:50.307 [TypeDBServer::shutdown::0] INFO com.vaticle.typedb.core.server.TypeDBServer - Shutting down TypeDB Server...
13:50:50.440 [TypeDBServer::shutdown::0] INFO com.vaticle.typedb.core.server.TypeDBServer - TypeDB Server has been shutdown
13:51:24.589 [main] INFO com.vaticle.typedb.core.server.TypeDBServer - TypeDB Server is now running and will keep this process alive.
13:51:24.591 [main] INFO com.vaticle.typedb.core.server.TypeDBServer - You can press CTRL+C to shutdown this server.
13:51:24.591 [main] INFO com.vaticle.typedb.core.server.TypeDBServer - 
13:51:24.591 [main] INFO com.vaticle.typedb.core.server.TypeDBServer - version: 2.11.1
13:51:24.591 [main] INFO com.vaticle.typedb.core.server.TypeDBServer - listening to address: 0.0.0.0:1730
13:51:24.591 [main] INFO com.vaticle.typedb.core.server.TypeDBServer - data directory configured to: C:\Users\Robin\PycharmProjects\Object-Based_Pangenome_Visualisation\server\data
13:51:24.592 [main] INFO com.vaticle.typedb.core.server.TypeDBServer - bootup completed in: 580 ms
13:51:24.592 [main] INFO com.vaticle.typedb.core.server.TypeDBServer - ...
14:02:07.949 [main] INFO com.vaticle.typedb.core.server.TypeDBServer - TypeDB Server is now running and will keep this process alive.
14:02:07.951 [main] INFO com.vaticle.typedb.core.server.TypeDBServer - You can press CTRL+C to shutdown this server.
14:02:07.951 [main] INFO com.vaticle.typedb.core.server.TypeDBServer - 
14:02:07.951 [main] INFO com.vaticle.typedb.core.server.TypeDBServer - version: 2.11.1
14:02:07.952 [main] INFO com.vaticle.typedb.core.server.TypeDBServer - listening to address: 0.0.0.0:1730
14:02:07.952 [main] INFO com.vaticle.typedb.core.server.TypeDBServer - data directory configured to: C:\Users\Robin\PycharmProjects\Object-Based_Pangenome_Visualisation\server\data
14:02:07.952 [main] INFO com.vaticle.typedb.core.server.TypeDBServer - bootup completed in: 579 ms
14:02:07.952 [main] INFO com.vaticle.typedb.core.server.TypeDBServer - ...
14:19:17.787 [main] INFO com.vaticle.typedb.core.server.TypeDBServer - TypeDB Server is now running and will keep this process alive.
14:19:17.789 [main] INFO com.vaticle.typedb.core.server.TypeDBServer - You can press CTRL+C to shutdown this server.
14:19:17.789 [main] INFO com.vaticle.typedb.core.server.TypeDBServer - 
14:19:17.789 [main] INFO com.vaticle.typedb.core.server.TypeDBServer - version: 2.11.1
14:19:17.790 [main] INFO com.vaticle.typedb.core.server.TypeDBServer - listening to address: 0.0.0.0:1730
14:19:17.790 [main] INFO com.vaticle.typedb.core.server.TypeDBServer - data directory configured to: C:\Users\Robin\PycharmProjects\Object-Based_Pangenome_Visualisation\server\data
14:19:17.790 [main] INFO com.vaticle.typedb.core.server.TypeDBServer - bootup completed in: 597 ms
14:19:17.790 [main] INFO com.vaticle.typedb.core.server.TypeDBServer - ...
14:53:55.533 [main] INFO com.vaticle.typedb.core.server.TypeDBServer - TypeDB Server is now running and will keep this process alive.
14:53:55.534 [main] INFO com.vaticle.typedb.core.server.TypeDBServer - You can press CTRL+C to shutdown this server.
14:53:55.534 [main] INFO com.vaticle.typedb.core.server.TypeDBServer - 
14:53:55.534 [main] INFO com.vaticle.typedb.core.server.TypeDBServer - version: 2.11.1
14:53:55.535 [main] INFO com.vaticle.typedb.core.server.TypeDBServer - listening to address: 0.0.0.0:1730
14:53:55.535 [main] INFO com.vaticle.typedb.core.server.TypeDBServer - data directory configured to: C:\Users\Robin\PycharmProjects\Object-Based_Pangenome_Visualisation\server\data
14:53:55.535 [main] INFO com.vaticle.typedb.core.server.TypeDBServer - bootup completed in: 590 ms
14:53:55.535 [main] INFO com.vaticle.typedb.core.server.TypeDBServer - ...
